Log file open, 03/27/15 19:19:41
LogInit:Display: Running engine for game: DPTD
LogInit: Version: 4.7.3-2479750+++depot+UE4-Releases+4.7
LogInit: API Version: 2455222
LogInit: Compiled (64-bit): Mar 15 2015 23:20:45
LogInit: Compiled with Visual C++: 18.00.21005.01
LogInit: Build Configuration: Development
LogInit: Branch Name: ++depot+UE4-Releases+4.7
LogInit: Command line:  
LogInit: Base directory: C:/Program Files/Epic Games/4.7/Engine/Binaries/Win64/
LogInit: Rocket: 1
[2015.03.27-09.19.41:748][  0]LogTaskGraph: Started task graph with 3 named threads and 4 total threads.
[2015.03.27-09.19.41:822][  0]LogOnline:Warning: No default platform service specified for OnlineSubsystem
[2015.03.27-09.19.41:861][  0]LogInit: Presizing for 0 objects not considered by GC, pre-allocating 0 bytes.
[2015.03.27-09.19.41:882][  0]LogInit: Object subsystem initialized
[2015.03.27-09.19.41:885][  0]LogConsoleResponse:Warning: Skipping Unknown console variable: 'TranslucentSortAxis = (X=0.000000,Y=-1.000000,Z=0.000000)'
[2015.03.27-09.19.41:885][  0]LogConsoleResponse:Warning:   Found in ini file 'C:/Users/tommy_000/Documents/GitHub/DP-TD/DPTD/Saved/Config/Windows/Engine.ini', in section '[/Script/Engine.RendererSettings]'
[2015.03.27-09.19.41:885][  0]LogConsoleResponse:Warning: Skipping Unknown console variable: 'UIScaleRule = ShortestSide'
[2015.03.27-09.19.41:885][  0]LogConsoleResponse:Warning:   Found in ini file 'C:/Users/tommy_000/Documents/GitHub/DP-TD/DPTD/Saved/Config/Windows/Engine.ini', in section '[/Script/Engine.RendererSettings]'
[2015.03.27-09.19.41:885][  0]LogConsoleResponse:Warning: Skipping Unknown console variable: 'UIScaleCurve = (EditorCurveData=(Keys=),ExternalCurve=None)'
[2015.03.27-09.19.41:885][  0]LogConsoleResponse:Warning:   Found in ini file 'C:/Users/tommy_000/Documents/GitHub/DP-TD/DPTD/Saved/Config/Windows/Engine.ini', in section '[/Script/Engine.RendererSettings]'
[2015.03.27-09.19.41:886][  0]LogInit: Selected Device Profile: [Windows]
[2015.03.27-09.19.41:886][  0]LogInit: Applying CVar settings loaded from the selected device profile: [Windows]
[2015.03.27-09.19.41:903][  0]LogInit: Computer: MONMASSPC
[2015.03.27-09.19.41:903][  0]LogInit: User: tommy000
[2015.03.27-09.19.41:903][  0]LogInit: CPU Page size=4096, Cores=2
[2015.03.27-09.19.41:903][  0]LogInit: High frequency timer resolution =1.851266 MHz
[2015.03.27-09.19.41:903][  0]LogMemory: Memory total: Physical=3.9GB (4GB approx) Virtual=131072.0GB
[2015.03.27-09.19.41:904][  0]LogMemory: Platform Memory Stats for Windows
[2015.03.27-09.19.41:904][  0]LogMemory: Process Physical Memory: 45.76 MB used, 45.76 MB peak
[2015.03.27-09.19.41:904][  0]LogMemory: Process Virtual Memory: 22.19 MB used, 22.20 MB peak
[2015.03.27-09.19.41:904][  0]LogMemory: Physical Memory: 2033.20 MB used, 3990.15 MB total
[2015.03.27-09.19.41:904][  0]LogMemory: Virtual Memory: 283.88 MB used, 134217728.00 MB total
[2015.03.27-09.19.41:926][  0]LogD3D11RHI: Found D3D11 adapter 0: Intel(R) HD Graphics 4000 (Feature Level 11_0)
[2015.03.27-09.19.41:926][  0]LogD3D11RHI: Adapter has 32MB of dedicated video memory, 0MB of dedicated system memory, and 1760MB of shared system memory, 1 output[s]
[2015.03.27-09.19.41:928][  0]LogD3D11RHI: Found D3D11 adapter 1: Microsoft Basic Render Driver (Feature Level 11_0)
[2015.03.27-09.19.41:928][  0]LogD3D11RHI: Adapter has 0MB of dedicated video memory, 0MB of dedicated system memory, and 256MB of shared system memory, 0 output[s]
[2015.03.27-09.19.41:928][  0]LogD3D11RHI: Chosen D3D11 Adapter Id = 0
[2015.03.27-09.19.41:933][  0]LogRHI: Texture pool is 638 MB (70% of 912 MB)
[2015.03.27-09.19.41:938][  0]LogD3D11RHI: Async texture creation enabled
[2015.03.27-09.19.42:024][  0]LogTextLocalizationManager: The requested culture ('en_AU') has no localization data; parent culture's ('en') localization data will be used.
[2015.03.27-09.19.42:136][  0]LogTextLocalizationManager:Warning: Loading localization resources contain conflicting entries for (Namespace:UICommands, Key:Save_ToolTip):
Resource: (C:/Program Files/Epic Games/4.7/Engine/Content/Localization/Editor/en/Editor.locres) Hash: (-29098895) String: (Saves the current level to disk)
Resource: (C:/Program Files/Epic Games/4.7/Engine/Content/Localization/Engine/en/Engine.locres) Hash: (-1280300587) String: (Save selected data to vlog file)
[2015.03.27-09.19.42:136][  0]LogTextLocalizationManager:Warning: Loading localization resources contain conflicting entries for (Namespace:ContentBrowser, Key:ImportAssetToolTip):
Resource: (C:/Program Files/Epic Games/4.7/Engine/Content/Localization/Editor/en/Editor.locres) Hash: (-630476809) String: (Import to {0}...)
Resource: (C:/Program Files/Epic Games/4.7/Engine/Content/Localization/Editor/en/Editor.locres) Hash: (1271782899) String: (Imports an asset from file to this folder.)
[2015.03.27-09.19.42:268][  0]LogContentStreaming: Texture pool size is 0.000000MB
[2015.03.27-09.19.46:386][  0]LogTargetPlatformManager:Display: Building Assets For Windows
[2015.03.27-09.19.47:377][  0]LogTargetPlatformManager:Display: Building Assets For Windows
[2015.03.27-09.19.47:493][  0]LogDerivedDataCache:Display: Max Cache Size: 512 MB
[2015.03.27-09.19.47:675][  0]LogDerivedDataCache: Loaded boot cache 0.18s 39MB C:/Users/tommy_000/AppData/Local/UnrealEngine/4.7/DerivedDataCache/Boot.ddc.
[2015.03.27-09.19.47:675][  0]LogDerivedDataCache:Display: Loaded Boot cache: C:/Users/tommy_000/AppData/Local/UnrealEngine/4.7/DerivedDataCache/Boot.ddc
[2015.03.27-09.19.47:676][  0]LogDerivedDataCache: FDerivedDataBackendGraph:  Pak pak cache file ../../../../../../Users/tommy_000/Documents/GitHub/DP-TD/DPTD/DerivedDataCache/DDC.ddp not found, will not use a pak cache.
[2015.03.27-09.19.47:676][  0]LogDerivedDataCache: Unable to find inner node Pak for hierarchical cache Hierarchy.
[2015.03.27-09.19.47:912][  0]LogDerivedDataCache:Display: Pak cache opened for reading ../../../Engine/DerivedDataCache/Compressed.ddp.
[2015.03.27-09.19.47:925][  0]LogDerivedDataCache: Using Local data cache path C:/Users/tommy_000/AppData/Local/UnrealEngine/Common/DerivedDataCache: Writable
[2015.03.27-09.19.48:481][  0]LogMeshUtilities: No automatic mesh reduction module available
[2015.03.27-09.19.48:481][  0]LogMeshUtilities: No automatic mesh merging module available
[2015.03.27-09.19.49:246][  0]LogInit: WinSock: version 1.1 (2.2), MaxSocks=32767, MaxUdp=65467
[2015.03.27-09.19.49:402][  0]LogSlate:Warning: Failed to load font data from '../../../Engine/Content/Slate/Fonts/Roboto-Italic.ttf'
[2015.03.27-09.19.52:149][  0]UdpMessaging: Initializing bridge on interface 0.0.0.0:0 to multicast group 230.0.0.1:6666.
[2015.03.27-09.19.52:521][  0]SourceControl: Info Source control is disabled
[2015.03.27-09.19.52:522][  0]SourceControl: Info Source control is disabled
[2015.03.27-09.19.52:522][  0]SourceControl: Info Source control is disabled
[2015.03.27-09.19.52:522][  0]LogSourceControl: RunCommandInternalRaw: 'git version'
[2015.03.27-09.19.52:522][  0]LogSourceControl: RunCommandInternalRaw: ExecProcess ReturnCode=2 OutResults=''
[2015.03.27-09.19.52:540][  0]SourceControl: Info Source control is disabled
[2015.03.27-09.19.52:913][  0]LogObj: 24231 objects as part of root set at end of initial load.
[2015.03.27-09.19.52:913][  0]LogUObjectAllocator: 5136440 out of 0 bytes used by permanent object pool.
[2015.03.27-09.19.53:065][  0]LogEngine: Initializing Engine...
[2015.03.27-09.19.55:413][  0]LogInit: XAudio2 using 'Speakers (Realtek High Definition Audio)' : 2 channels at 48 kHz using 32 bits per sample (channel mask 0x3)
[2015.03.27-09.19.55:705][  0]LogInit: FAudioDevice initialized.
[2015.03.27-09.19.55:810][  0]LogAIModule: Creating AISystem for world NewWorld
[2015.03.27-09.19.55:844][  0]LogDerivedDataCache: Saved boot cache 0.03s 39MB C:/Users/tommy_000/AppData/Local/UnrealEngine/4.7/DerivedDataCache/Boot.ddc.
[2015.03.27-09.19.55:848][  0]LogInit: Texture streaming: Enabled
[2015.03.27-09.19.56:045][  0]LogAnalytics: Creating configured Analytics provider AnalyticsET
[2015.03.27-09.19.56:045][  0]LogAnalytics: ET APIKey = Rocket.Release. APIServer = http://et2.epicgames.com/ET2/. AppVersion = 4.7.3-2479750+++depot+UE4-Releases+4.7
[2015.03.27-09.19.56:045][  0]LogAnalytics: ET APIKey = Rocket.Release. DataRouterUploadURL = https://datarouter-public-service-gamedev.ol.epicgames.net/datarouter/api/v1/public/data. AppVersion = 4.7.3-2479750+++depot+UE4-Releases+4.7
[2015.03.27-09.19.56:045][  0]LogAnalytics: SetUserId 9e7a6ff44309f7d0c6224faf481faccc|91e5703294334a9481a51e3e2477e21b|581baaf3-4e5d-46fd-95b9-1991b23dc32f
[2015.03.27-09.19.56:045][  0]LogAnalytics: AnalyticsET::StartSession [Rocket.Release]
[2015.03.27-09.19.56:085][  0]LogInit: Transaction tracking system initialized
[2015.03.27-09.19.56:427][  0]BlueprintLog: New page: Editor Load
[2015.03.27-09.19.56:483][  0]LogAssetRegistry: FAssetRegistry took 0.0111 seconds to start up
[2015.03.27-09.19.56:484][  0]LogDirectoryWatcher:Warning: Failed to begin reading directory changes for ../../../Engine/Plugins/Experimental/CharacterAI/Content/. Error: 0
[2015.03.27-09.19.57:626][  0]LogTargetPlatformManager:Display: Building Assets For Windows
[2015.03.27-09.19.58:355][  0]LogTargetPlatformManager:Display: Building Assets For Windows
[2015.03.27-09.19.58:988][  0]LogSlate:Warning: Failed to load font data from '../../../Engine/Content/Editor/Slate/Fonts/Roboto-Regular.ttf'
[2015.03.27-09.19.58:989][  0]LogSlate:Warning: Failed to load font data from '../../../Engine/Content/Editor/Slate/Fonts/Roboto-Bold.ttf'
[2015.03.27-09.19.59:001][  0]LogConsoleResponse:Display: 
[2015.03.27-09.19.59:288][  0]LogCook:Display: Done creating registry. It took  0.00s.
[2015.03.27-09.19.59:579][  0]SourceControl: Info Source control is disabled
[2015.03.27-09.19.59:579][  0]Cmd: MAP LOAD FILE="../../../Engine/Content/Maps/Templates/Template_Default.umap" TEMPLATE=1 SHOWPROGRESS=1 FEATURELEVEL=3
[2015.03.27-09.19.59:582][  0]LightingResults: New page: Lighting Build
[2015.03.27-09.19.59:605][  0]MapCheck: New page: Map Check
[2015.03.27-09.19.59:605][  0]LightingResults: New page: Lighting Build
[2015.03.27-09.19.59:651][  0]LogParticles: Destroying 0 GPU particle simulations for FXSystem 0x0000004064F8C680
[2015.03.27-09.20.00:952][  0]LogEditorServer: Finished looking for orphan Actors (0.000 secs)
[2015.03.27-09.20.00:959][  0]LogAIModule: Creating AISystem for world Untitled_1
[2015.03.27-09.20.00:960][  0]Cmd: MAP CHECKDEP
[2015.03.27-09.20.00:960][  0]MapCheck: New page: Untitled_1 - 28 Mar 2015 5:20:00 am
[2015.03.27-09.20.01:397][  0]MapCheck: Info Map check complete: 0 Error(s), 0 Warning(s), took 436.567ms to complete.
[2015.03.27-09.20.01:397][  0]LogFileHelpers: Loading map 'Template_Default' took 1.819
[2015.03.27-09.20.01:757][  0]LogCollectionManager: Loaded 0 collections in 0.004049 seconds
[2015.03.27-09.20.01:781][  0]LogContentBrowser: Native class hierarchy populated in 0.0236 seconds. Added 1696 classes and 261 folders.
[2015.03.27-09.20.01:902][  0]LogContentBrowser: Native class hierarchy updated for 'SceneOutliner' in 0.0059 seconds. Added 1 classes and 2 folders.
[2015.03.27-09.20.02:062][  0]LogCrashTracker: Crashtracker disabled due to settings.
[2015.03.27-09.20.02:064][  0]LogSlate:Warning: Failed to load font data from 'Veranda'
[2015.03.27-09.20.02:069][  0]LogUObjectGlobals:Warning: Failed to find object 'Class None.'
[2015.03.27-09.20.02:099][  0]LogLoad: Full Startup: 22.92 seconds (BP compile: 0.16 seconds)
[2015.03.27-09.20.02:464][  0]LogContentBrowser:Verbose: The content browser source was changed by the sources view to '/Game/Sandbox/TJ'
[2015.03.27-09.20.02:819][  0]LogRenderer:Warning: Reallocating scene render targets to support 688x376 (Frame:2).
[2015.03.27-09.20.07:800][ 14]LogAssetRegistry: Asset discovery search completed in 11.3276 seconds
[2015.03.27-09.21.23:498][980]LogContentBrowser:Verbose: The content browser source was changed by the sources view to '/Game/Maps'
[2015.03.27-09.21.26:684][ 89]LogContentBrowser:Verbose: The content browser source was changed by the sources view to '/Game/Towers'
[2015.03.27-09.27.53:383][ 20]BlueprintLog: New page: Compile TowerParentClassBlueprint
[2015.03.27-09.27.53:534][ 20]BlueprintEditorCompileResults: Info [0494.35] Compile of TowerParentClassBlueprint successful! [in 151 ms]
[2015.03.27-09.30.02:526][993]LogFileHelpers: Editor autosave (incl. sublevels) for '/Temp/Untitled_1' took 0.068
[2015.03.27-09.30.02:580][993]OBJ SavePackage: Generating thumbnails for [0] asset(s) in package [/Game/Towers/TowerParentClassBlueprint] ([1] browsable assets)...
[2015.03.27-09.30.02:595][993]OBJ SavePackage: Finished generating thumbnails for package [/Game/Towers/TowerParentClassBlueprint]
[2015.03.27-09.30.02:753][993]LogSavePackage: Save=140.188385ms
[2015.03.27-09.30.02:755][993]LogSavePackage: Moving '../../../../../../Users/tommy_000/Documents/GitHub/DP-TD/DPTD/Saved/TowerParentClassBlueprint_Auto1F1A4EB15434A29186BFAB5B1198751A9.tmp' to '../../../../../../Users/tommy_000/Documents/GitHub/DP-TD/DPTD/Saved/Autosaves/Game/Towers/TowerParentClassBlueprint_Auto1.uasset'
[2015.03.27-09.30.02:767][993]LogFileHelpers: Auto-saving content packages took 0.241
[2015.03.27-09.38.31:264][140]Cmd: OBJ SAVEPACKAGE PACKAGE="/Game/Towers/TowerParentClassBlueprint" FILE="../../../../../../Users/tommy_000/Documents/GitHub/DP-TD/DPTD/Content/Towers/TowerParentClassBlueprint.uasset" SILENT=true
[2015.03.27-09.38.31:356][140]LogSavePackage: Save=62.504253ms
[2015.03.27-09.38.31:356][140]LogSavePackage: Moving '../../../../../../Users/tommy_000/Documents/GitHub/DP-TD/DPTD/Saved/TowerParentClassBlueprint7834D2524EB3D1B9501741A6A8C3DF82.tmp' to '../../../../../../Users/tommy_000/Documents/GitHub/DP-TD/DPTD/Content/Towers/TowerParentClassBlueprint.uasset'
[2015.03.27-10.19.32:567][416]LogHttp:Warning: Timeout processing Http request. 0000004072D53E40 url=http://et2.epicgames.com/ET2/CollectData.1?SessionID=%7B583C2761-4C9E-0A8E-4E9D-28ABB33FFB39%7D&AppID=Rocket.Release&AppVersion=4.7.3-2479750%2B%2B%2Bdepot%2BUE4-Releases%2B4.7&UserID=9e7a6ff44309f7d0c6224faf481faccc%7C91e5703294334a9481a51e3e2477e21b%7C581baaf3-4e5d-46fd-95b9-1991b23dc32f&IsEditor=1
[2015.03.27-10.19.33:898][416]LogHttp:Warning: InternetStatusCallbackWinInet: on invalid request 0000004072D53E40. 
[2015.03.27-10.19.33:898][416]LogHttp:Warning: InternetStatusCallbackWinInet: on invalid request 0000004072D53E40. 
[2015.03.27-10.19.33:898][416]LogHttp:Warning: InternetStatusCallbackWinInet: on invalid request 0000004072D53E40. 
[2015.03.27-10.53.11:543][788]LogRenderer:Warning: Reallocating scene render targets to support 808x592 (Frame:3826).
[2015.03.27-10.53.11:943][788]LogFileHelpers: Editor autosave (incl. sublevels) for '/Temp/Untitled_1' took 0.073
[2015.03.27-10.53.11:984][788]OBJ SavePackage: Generating thumbnails for [0] asset(s) in package [/Game/Blueprints/MobParentClass] ([1] browsable assets)...
[2015.03.27-10.53.12:034][788]OBJ SavePackage: Finished generating thumbnails for package [/Game/Blueprints/MobParentClass]
[2015.03.27-10.53.12:315][788]LogSavePackage: Save=260.932251ms
[2015.03.27-10.53.12:317][788]LogSavePackage: Moving '../../../../../../Users/tommy_000/Documents/GitHub/DP-TD/DPTD/Saved/MobParentClass_Auto2773B4789478C37AC3E91108E9E8106A0.tmp' to '../../../../../../Users/tommy_000/Documents/GitHub/DP-TD/DPTD/Saved/Autosaves/Game/Blueprints/MobParentClass_Auto2.uasset'
[2015.03.27-10.53.12:343][788]LogFileHelpers: Auto-saving content packages took 0.400
[2015.03.27-10.55.02:291][642]BlueprintLog: New page: Compile MobParentClass
[2015.03.27-10.55.02:437][642]BlueprintEditorCompileResults: Info [5723.26] Compile of MobParentClass successful! [in 145 ms]
[2015.03.27-10.55.04:968][770]Cmd: OBJ SAVEPACKAGE PACKAGE="/Game/Blueprints/MobParentClass" FILE="../../../../../../Users/tommy_000/Documents/GitHub/DP-TD/DPTD/Content/Blueprints/MobParentClass.uasset" SILENT=true
[2015.03.27-10.55.05:005][770]LogSavePackage: Save=31.696148ms
[2015.03.27-10.55.05:005][770]LogSavePackage: Moving '../../../../../../Users/tommy_000/Documents/GitHub/DP-TD/DPTD/Saved/MobParentClassDDD40F1E4C5E60B2B560BF94D6F89BE5.tmp' to '../../../../../../Users/tommy_000/Documents/GitHub/DP-TD/DPTD/Content/Blueprints/MobParentClass.uasset'
[2015.03.27-10.55.49:940][227]LogContentBrowser:Verbose: The content browser source was changed by the sources view to '/Game/Blueprints'
[2015.03.27-10.56.04:373][ 48]LogContentBrowser:Verbose: The content browser source was changed by the sources view to '/Game/Blueprints'
[2015.03.27-10.56.11:396][261]LogContentBrowser:Verbose: The content browser source was changed by the sources view to '/Game/Mobs'
[2015.03.27-10.56.11:642][261]LogParticles: Destroying 0 GPU particle simulations for FXSystem 0x0000004072DF4720
[2015.03.27-10.56.11:652][261]LogMetaData: Removing '/Game/Mobs/MobParentClass.MobParentClass:UserConstructionScript.K2Node_FunctionEntry_4' ref from Metadata '/Game/Blueprints/MobParentClass.PackageMetaData'
[2015.03.27-10.56.11:652][261]LogMetaData: Removing '/Game/Mobs/MobParentClass.MobParentClass:EventGraph.K2Node_Event_107' ref from Metadata '/Game/Blueprints/MobParentClass.PackageMetaData'
[2015.03.27-10.56.11:652][261]LogMetaData: Removing '/Game/Mobs/MobParentClass.SKEL_MobParentClass_C' ref from Metadata '/Game/Blueprints/MobParentClass.PackageMetaData'
[2015.03.27-10.56.11:652][261]LogMetaData: Removing '/Game/Mobs/MobParentClass.MobParentClass_C' ref from Metadata '/Game/Blueprints/MobParentClass.PackageMetaData'
[2015.03.27-10.56.11:652][261]LogMetaData: Removing '/Game/Mobs/MobParentClass.MobParentClass:EventGraph.K2Node_Event_106' ref from Metadata '/Game/Blueprints/MobParentClass.PackageMetaData'
[2015.03.27-10.56.11:652][261]LogMetaData: Removing '/Game/Mobs/MobParentClass.MobParentClass:EventGraph.K2Node_Event_108' ref from Metadata '/Game/Blueprints/MobParentClass.PackageMetaData'
[2015.03.27-10.56.11:709][261]Cmd: OBJ SAVEPACKAGE PACKAGE="/Game/Mobs/MobParentClass" FILE="../../../../../../Users/tommy_000/Documents/GitHub/DP-TD/DPTD/Content/Mobs/MobParentClass.uasset" SILENT=true
[2015.03.27-10.56.11:746][261]LogSavePackage: Save=31.849016ms
[2015.03.27-10.56.11:746][261]LogSavePackage: Moving '../../../../../../Users/tommy_000/Documents/GitHub/DP-TD/DPTD/Saved/MobParentClass629221E94D03F9441B1369A928F4ADAF.tmp' to '../../../../../../Users/tommy_000/Documents/GitHub/DP-TD/DPTD/Content/Mobs/MobParentClass.uasset'
[2015.03.27-11.04.10:067][781]LogParticles: Destroying 0 GPU particle simulations for FXSystem 0x0000004062866B60
[2015.03.27-11.04.10:067][781]LogFileHelpers: Editor autosave (incl. sublevels) for '/Temp/Untitled_1' took 0.059
[2015.03.27-11.04.10:108][781]OBJ SavePackage: Generating thumbnails for [0] asset(s) in package [/Game/Mobs/MobParentClass] ([1] browsable assets)...
[2015.03.27-11.04.10:116][781]OBJ SavePackage: Finished generating thumbnails for package [/Game/Mobs/MobParentClass]
[2015.03.27-11.04.10:370][781]LogSavePackage: Save=218.912903ms
[2015.03.27-11.04.10:372][781]LogSavePackage: Moving '../../../../../../Users/tommy_000/Documents/GitHub/DP-TD/DPTD/Saved/MobParentClass_Auto3FD20F4484F7117934A3206895B67AAEB.tmp' to '../../../../../../Users/tommy_000/Documents/GitHub/DP-TD/DPTD/Saved/Autosaves/Game/Mobs/MobParentClass_Auto3.uasset'
[2015.03.27-11.04.10:388][781]LogFileHelpers: Auto-saving content packages took 0.321
[2015.03.27-11.09.45:180][861]BlueprintLog: New page: Compile MobParentClass
[2015.03.27-11.09.45:312][861]BlueprintEditorCompileResults: Info [6606.14] Compile of MobParentClass successful! [in 132 ms]
[2015.03.27-11.13.22:317][ 76]BlueprintLog: New page: Compile MobParentClass
[2015.03.27-11.13.22:447][ 76]BlueprintEditorCompileResults: Info [6823.27] Compile of MobParentClass successful! [in 129 ms]
[2015.03.27-11.13.25:761][402]Cmd: OBJ SAVEPACKAGE PACKAGE="/Game/Mobs/MobParentClass" FILE="../../../../../../Users/tommy_000/Documents/GitHub/DP-TD/DPTD/Content/Mobs/MobParentClass.uasset" SILENT=true
[2015.03.27-11.13.25:815][402]LogSavePackage: Save=39.507557ms
[2015.03.27-11.13.25:815][402]LogSavePackage: Moving '../../../../../../Users/tommy_000/Documents/GitHub/DP-TD/DPTD/Saved/MobParentClassE3641F874CB81F17D44864947342A82B.tmp' to '../../../../../../Users/tommy_000/Documents/GitHub/DP-TD/DPTD/Content/Mobs/MobParentClass.uasset'
[2015.03.27-11.17.23:466][244]LogFileHelpers: Editor autosave (incl. sublevels) for '/Temp/Untitled_1' took 0.064
[2015.03.27-11.17.23:508][244]OBJ SavePackage: Generating thumbnails for [0] asset(s) in package [/Game/Mobs/MobParentClass] ([1] browsable assets)...
[2015.03.27-11.17.23:524][244]OBJ SavePackage: Finished generating thumbnails for package [/Game/Mobs/MobParentClass]
[2015.03.27-11.17.23:665][244]LogSavePackage: Save=127.852509ms
[2015.03.27-11.17.23:667][244]LogSavePackage: Moving '../../../../../../Users/tommy_000/Documents/GitHub/DP-TD/DPTD/Saved/MobParentClass_Auto4155431EE4B36D9E92FF3A7B49D9A3CCB.tmp' to '../../../../../../Users/tommy_000/Documents/GitHub/DP-TD/DPTD/Saved/Autosaves/Game/Mobs/MobParentClass_Auto4.uasset'
[2015.03.27-11.17.23:678][244]LogFileHelpers: Auto-saving content packages took 0.212
[2015.03.27-11.17.39:849][858]BlueprintLog: New page: Compile MobParentClass
[2015.03.27-11.17.39:998][858]BlueprintEditorCompileResults: Info [7080.83] Compile of MobParentClass successful! [in 149 ms]
[2015.03.27-11.17.45:475][394]Cmd: OBJ SAVEPACKAGE PACKAGE="/Game/Mobs/MobParentClass" FILE="../../../../../../Users/tommy_000/Documents/GitHub/DP-TD/DPTD/Content/Mobs/MobParentClass.uasset" SILENT=true
[2015.03.27-11.17.45:522][394]LogSavePackage: Save=36.614403ms
[2015.03.27-11.17.45:522][394]LogSavePackage: Moving '../../../../../../Users/tommy_000/Documents/GitHub/DP-TD/DPTD/Saved/MobParentClassA7F49EA045E1DBE89559CB8BF57F13EB.tmp' to '../../../../../../Users/tommy_000/Documents/GitHub/DP-TD/DPTD/Content/Mobs/MobParentClass.uasset'
[2015.03.27-11.25.11:086][589]BlueprintLog: New page: Compile MobParentClass
[2015.03.27-11.25.11:219][589]BlueprintEditorCompileResults: Info [7532.05] Compile of MobParentClass successful! [in 133 ms]
[2015.03.27-11.25.25:512][409]BlueprintLog: New page: Compile MobParentClass
[2015.03.27-11.25.25:642][409]BlueprintEditorCompileResults: Info [7546.47] Compile of MobParentClass successful! [in 128 ms]
[2015.03.27-11.27.48:232][729]LogFileHelpers: Editor autosave (incl. sublevels) for '/Temp/Untitled_1' took 0.115
[2015.03.27-11.27.48:278][729]OBJ SavePackage: Generating thumbnails for [0] asset(s) in package [/Game/Mobs/MobParentClass] ([1] browsable assets)...
[2015.03.27-11.27.48:282][729]OBJ SavePackage: Finished generating thumbnails for package [/Game/Mobs/MobParentClass]
[2015.03.27-11.27.48:509][729]LogSavePackage: Save=210.588867ms
[2015.03.27-11.27.48:511][729]LogSavePackage: Moving '../../../../../../Users/tommy_000/Documents/GitHub/DP-TD/DPTD/Saved/MobParentClass_Auto5B8D1F8B7423BF2EC6662D495475E47CE.tmp' to '../../../../../../Users/tommy_000/Documents/GitHub/DP-TD/DPTD/Saved/Autosaves/Game/Mobs/MobParentClass_Auto5.uasset'
[2015.03.27-11.27.48:531][729]LogFileHelpers: Auto-saving content packages took 0.299
[2015.03.27-11.29.33:291][850]BlueprintLog: New page: Compile MobParentClass
[2015.03.27-11.29.33:424][850]BlueprintEditorCompileResults: Info [7794.25] Compile of MobParentClass successful! [in 132 ms]
[2015.03.27-11.29.52:200][928]Cmd: OBJ SAVEPACKAGE PACKAGE="/Game/Mobs/MobParentClass" FILE="../../../../../../Users/tommy_000/Documents/GitHub/DP-TD/DPTD/Content/Mobs/MobParentClass.uasset" SILENT=true
[2015.03.27-11.29.52:249][928]LogSavePackage: Save=37.952946ms
[2015.03.27-11.29.52:249][928]LogSavePackage: Moving '../../../../../../Users/tommy_000/Documents/GitHub/DP-TD/DPTD/Saved/MobParentClass8FE1774F4993EC00A473568A30AD657F.tmp' to '../../../../../../Users/tommy_000/Documents/GitHub/DP-TD/DPTD/Content/Mobs/MobParentClass.uasset'
[2015.03.27-11.36.54:822][220]BlueprintLog: New page: Compile MobParentClass
[2015.03.27-11.36.54:957][220]BlueprintEditorCompileResults: Info [8235.78] Compile of MobParentClass successful! [in 135 ms]
[2015.03.27-11.36.55:258][236]BlueprintLog: New page: Compile MobParentClass
[2015.03.27-11.36.55:382][236]BlueprintEditorCompileResults: Info [8236.21] Compile of MobParentClass successful! [in 123 ms]
[2015.03.27-11.37.35:399][578]Cmd: OBJ SAVEPACKAGE PACKAGE="/Game/Mobs/MobParentClass" FILE="../../../../../../Users/tommy_000/Documents/GitHub/DP-TD/DPTD/Content/Mobs/MobParentClass.uasset" SILENT=true
[2015.03.27-11.37.35:456][578]LogSavePackage: Save=43.179642ms
[2015.03.27-11.37.35:456][578]LogSavePackage: Moving '../../../../../../Users/tommy_000/Documents/GitHub/DP-TD/DPTD/Saved/MobParentClass530146924E16450767D340BB265C5363.tmp' to '../../../../../../Users/tommy_000/Documents/GitHub/DP-TD/DPTD/Content/Mobs/MobParentClass.uasset'
[2015.03.27-11.39.12:792][ 82]LogFileHelpers: Editor autosave (incl. sublevels) for '/Temp/Untitled_1' took 0.066
[2015.03.27-11.39.12:834][ 82]OBJ SavePackage: Generating thumbnails for [0] asset(s) in package [/Game/Mobs/MobParentClass] ([1] browsable assets)...
[2015.03.27-11.39.12:848][ 82]OBJ SavePackage: Finished generating thumbnails for package [/Game/Mobs/MobParentClass]
[2015.03.27-11.39.13:047][ 82]LogSavePackage: Save=182.828400ms
[2015.03.27-11.39.13:048][ 82]LogSavePackage: Moving '../../../../../../Users/tommy_000/Documents/GitHub/DP-TD/DPTD/Saved/MobParentClass_Auto6C40097234F4200FCF1131BA26CC2D08E.tmp' to '../../../../../../Users/tommy_000/Documents/GitHub/DP-TD/DPTD/Saved/Autosaves/Game/Mobs/MobParentClass_Auto6.uasset'
[2015.03.27-11.39.13:066][ 82]LogFileHelpers: Auto-saving content packages took 0.274
[2015.03.27-11.41.47:996][173]BlueprintLog: New page: Compile MobParentClass
[2015.03.27-11.41.48:132][173]BlueprintEditorCompileResults: Info [8528.96] Compile of MobParentClass successful! [in 135 ms]
[2015.03.27-11.41.48:176][174]BlueprintLog: New page: Compile MobParentClass
[2015.03.27-11.41.48:302][174]BlueprintEditorCompileResults: Info [8529.13] Compile of MobParentClass successful! [in 124 ms]
[2015.03.27-11.42.10:468][429]BlueprintLog: New page: Compile MobParentClass
[2015.03.27-11.42.10:599][429]BlueprintEditorCompileResults: Info [8551.43] Compile of MobParentClass successful! [in 130 ms]
[2015.03.27-11.42.20:205][974]Cmd: OBJ SAVEPACKAGE PACKAGE="/Game/Mobs/MobParentClass" FILE="../../../../../../Users/tommy_000/Documents/GitHub/DP-TD/DPTD/Content/Mobs/MobParentClass.uasset" SILENT=true
[2015.03.27-11.42.20:336][974]LogSavePackage: Save=105.767624ms
[2015.03.27-11.42.20:336][974]LogSavePackage: Moving '../../../../../../Users/tommy_000/Documents/GitHub/DP-TD/DPTD/Saved/MobParentClassD88F4C6342523198BC967E88D139291A.tmp' to '../../../../../../Users/tommy_000/Documents/GitHub/DP-TD/DPTD/Content/Mobs/MobParentClass.uasset'
[2015.03.27-11.55.59:279][852]Cmd: QUIT_EDITOR
[2015.03.27-11.55.59:918][852]LogExit: Preparing to exit.
[2015.03.27-11.56.00:490][852]LogExit: Editor shut down
[2015.03.27-11.56.00:491][852]LogExit: Transaction tracking system shut down
[2015.03.27-11.56.00:495][852]LogParticles: Destroying 0 GPU particle simulations for FXSystem 0x00000040625F3380
[2015.03.27-11.56.00:497][852]LogParticles: Destroying 0 GPU particle simulations for FXSystem 0x000000405E2B2700
[2015.03.27-11.56.00:499][852]LogParticles: Destroying 0 GPU particle simulations for FXSystem 0x000000405E2B31A0
[2015.03.27-11.56.00:508][852]LogParticles: Destroying 0 GPU particle simulations for FXSystem 0x000000407751D4E0
[2015.03.27-11.56.00:509][852]LogParticles: Destroying 0 GPU particle simulations for FXSystem 0x00000040730204A0
[2015.03.27-11.56.00:708][852]LogExit: Object subsystem successfully closed.
[2015.03.27-11.56.00:850][852]LogModuleManager: Shutting down and abandoning module CrashTracker (177)
[2015.03.27-11.56.00:850][852]LogModuleManager: Shutting down and abandoning module SuperSearch (176)
[2015.03.27-11.56.00:850][852]LogModuleManager: Shutting down and abandoning module SceneOutliner (175)
[2015.03.27-11.56.00:850][852]LogModuleManager: Shutting down and abandoning module EditorWidgets (174)
[2015.03.27-11.56.00:850][852]LogModuleManager: Shutting down and abandoning module CollectionManager (173)
[2015.03.27-11.56.00:850][852]LogModuleManager: Shutting down and abandoning module StatsViewer (172)
[2015.03.27-11.56.00:851][852]LogModuleManager: Shutting down and abandoning module FoliageEdit (171)
[2015.03.27-11.56.00:851][852]LogModuleManager: Shutting down and abandoning module LandscapeEditor (170)
[2015.03.27-11.56.00:851][852]LogModuleManager: Shutting down and abandoning module MeshPaint (169)
[2015.03.27-11.56.00:851][852]LogModuleManager: Shutting down and abandoning module ActorPickerMode (168)
[2015.03.27-11.56.00:851][852]LogModuleManager: Shutting down and abandoning module GeometryMode (167)
[2015.03.27-11.56.00:851][852]LogModuleManager: Shutting down and abandoning module TextureAlignMode (166)
[2015.03.27-11.56.00:851][852]LogModuleManager: Shutting down and abandoning module BspMode (165)
[2015.03.27-11.56.00:851][852]LogModuleManager: Shutting down and abandoning module PlacementMode (164)
[2015.03.27-11.56.00:851][852]LogModuleManager: Shutting down and abandoning module AutomationWorker (163)
[2015.03.27-11.56.00:851][852]LogModuleManager: Shutting down and abandoning module CharacterAI (162)
[2015.03.27-11.56.00:851][852]LogModuleManager: Shutting down and abandoning module SmartSnapping (161)
[2015.03.27-11.56.00:851][852]LogModuleManager: Shutting down and abandoning module ViewportSnapping (160)
[2015.03.27-11.56.00:851][852]LogModuleManager: Shutting down and abandoning module LogVisualizer (159)
[2015.03.27-11.56.00:851][852]LogModuleManager: Shutting down and abandoning module GameProjectGeneration (158)
[2015.03.27-11.56.00:851][852]LogModuleManager: Shutting down and abandoning module IntroTutorials (157)
[2015.03.27-11.56.00:851][852]LogModuleManager: Shutting down and abandoning module EditorLiveStreaming (156)
[2015.03.27-11.56.00:852][852]LogModuleManager: Shutting down and abandoning module HardwareTargeting (155)
[2015.03.27-11.56.00:852][852]LogModuleManager: Shutting down and abandoning module DeviceProfileEditor (154)
[2015.03.27-11.56.00:852][852]LogModuleManager: Shutting down and abandoning module UndoHistory (153)
[2015.03.27-11.56.00:852][852]LogModuleManager: Shutting down and abandoning module GameplayTagsEditor (152)
[2015.03.27-11.56.00:852][852]LogModuleManager: Shutting down and abandoning module UserFeedback (151)
[2015.03.27-11.56.00:852][852]LogModuleManager: Shutting down and abandoning module XmlParser (150)
[2015.03.27-11.56.00:852][852]LogModuleManager: Shutting down and abandoning module Blutility (149)
[2015.03.27-11.56.00:852][852]LogModuleManager: Shutting down and abandoning module IOSPlatformEditor (148)
[2015.03.27-11.56.00:852][852]LogModuleManager: Shutting down and abandoning module IOSRuntimeSettings (147)
[2015.03.27-11.56.00:852][852]LogModuleManager: Shutting down and abandoning module AndroidDeviceDetection (146)
[2015.03.27-11.56.01:849][852]LogModuleManager: Shutting down and abandoning module AndroidPlatformEditor (145)
[2015.03.27-11.56.01:849][852]LogModuleManager: Shutting down and abandoning module AndroidRuntimeSettings (144)
[2015.03.27-11.56.01:849][852]LogModuleManager: Shutting down and abandoning module ProjectTargetPlatformEditor (143)
[2015.03.27-11.56.01:850][852]LogModuleManager: Shutting down and abandoning module ProjectSettingsViewer (142)
[2015.03.27-11.56.01:850][852]LogModuleManager: Shutting down and abandoning module InputBindingEditor (141)
[2015.03.27-11.56.01:852][852]LogModuleManager: Shutting down and abandoning module EditorSettingsViewer (140)
[2015.03.27-11.56.01:852][852]LogModuleManager: Shutting down and abandoning module SettingsEditor (139)
[2015.03.27-11.56.01:852][852]LogModuleManager: Shutting down and abandoning module ProjectLauncher (138)
[2015.03.27-11.56.01:852][852]LogModuleManager: Shutting down and abandoning module SessionFrontend (137)
[2015.03.27-11.56.01:852][852]LogModuleManager: Shutting down and abandoning module ProfilerClient (136)
[2015.03.27-11.56.01:852][852]LogModuleManager: Shutting down and abandoning module TargetDeviceServices (135)
[2015.03.27-11.56.01:852][852]LogModuleManager: Shutting down and abandoning module DeviceManager (134)
[2015.03.27-11.56.01:853][852]LogModuleManager: Shutting down and abandoning module AutomationController (133)
[2015.03.27-11.56.01:853][852]LogModuleManager: Shutting down and abandoning module AutomationWindow (132)
[2015.03.27-11.56.01:853][852]LogModuleManager: Shutting down and abandoning module Layers (131)
[2015.03.27-11.56.01:853][852]LogModuleManager: Shutting down and abandoning module ComponentVisualizers (130)
[2015.03.27-11.56.01:853][852]LogModuleManager: Shutting down and abandoning module DetailCustomizations (129)
[2015.03.27-11.56.01:853][852]LogModuleManager: Shutting down and abandoning module PackagesDialog (128)
[2015.03.27-11.56.01:854][852]LogModuleManager: Shutting down and abandoning module AssetRegistry (127)
[2015.03.27-11.56.01:995][852]LogModuleManager: Shutting down and abandoning module Persona (126)
[2015.03.27-11.56.01:996][852]LogModuleManager: Shutting down and abandoning module SlateReflector (125)
[2015.03.27-11.56.01:996][852]LogModuleManager: Shutting down and abandoning module LevelEditor (124)
[2015.03.27-11.56.01:997][852]LogModuleManager: Shutting down and abandoning module Kismet (123)
[2015.03.27-11.56.01:997][852]LogModuleManager: Shutting down and abandoning module GraphEditor (122)
[2015.03.27-11.56.01:997][852]LogModuleManager: Shutting down and abandoning module ClassViewer (121)
[2015.03.27-11.56.01:997][852]LogModuleManager: Shutting down and abandoning module Toolbox (120)
[2015.03.27-11.56.01:997][852]LogModuleManager: Shutting down and abandoning module ModuleUI (119)
[2015.03.27-11.56.01:997][852]LogModuleManager: Shutting down and abandoning module MovieSceneTools (118)
[2015.03.27-11.56.01:997][852]LogModuleManager: Shutting down and abandoning module OutputLog (117)
[2015.03.27-11.56.01:997][852]LogModuleManager: Shutting down and abandoning module GammaUI (116)
[2015.03.27-11.56.01:997][852]LogModuleManager: Shutting down and abandoning module Documentation (115)
[2015.03.27-11.56.01:997][852]LogModuleManager: Shutting down and abandoning module GameLiveStreaming (114)
[2015.03.27-11.56.01:997][852]LogModuleManager: Shutting down and abandoning module StreamingPauseRendering (113)
[2015.03.27-11.56.01:997][852]LogModuleManager: Shutting down and abandoning module HTTP (112)
[2015.03.27-11.56.01:997][852]LogModuleManager: Shutting down and abandoning module AnalyticsET (111)
[2015.03.27-11.56.01:997][852]LogModuleManager: Shutting down and abandoning module Analytics (110)
[2015.03.27-11.56.01:997][852]LogModuleManager: Shutting down and abandoning module AITestSuite (109)
[2015.03.27-11.56.01:997][852]LogModuleManager: Shutting down and abandoning module GameplayDebugger (108)
[2015.03.27-11.56.01:997][852]LogModuleManager: Shutting down and abandoning module AIModule (107)
[2015.03.27-11.56.01:997][852]LogModuleManager: Shutting down and abandoning module ProfilerService (106)
[2015.03.27-11.56.02:097][852]LogModuleManager: Shutting down and abandoning module TaskGraph (105)
[2015.03.27-11.56.02:097][852]LogModuleManager: Shutting down and abandoning module SlateRemote (104)
[2015.03.27-11.56.02:097][852]LogModuleManager: Shutting down and abandoning module ScriptEditorPlugin (103)
[2015.03.27-11.56.02:097][852]LogModuleManager: Shutting down and abandoning module CustomMeshComponent (102)
[2015.03.27-11.56.02:097][852]LogModuleManager: Shutting down and abandoning module CableComponent (101)
[2015.03.27-11.56.02:098][852]LogModuleManager: Shutting down and abandoning module MessagingDebugger (100)
[2015.03.27-11.56.02:098][852]LogModuleManager: Shutting down and abandoning module MediaPlayerEditor (99)
[2015.03.27-11.56.02:098][852]LogModuleManager: Shutting down and abandoning module SpeedTreeImporter (98)
[2015.03.27-11.56.02:098][852]LogModuleManager: Shutting down and abandoning module PluginsEditor (97)
[2015.03.27-11.56.02:098][852]LogModuleManager: Shutting down and abandoning module MainFrame (96)
[2015.03.27-11.56.02:098][852]LogModuleManager: Shutting down and abandoning module EpicSurvey (95)
[2015.03.27-11.56.02:098][852]LogModuleManager: Shutting down and abandoning module DesktopPlatform (94)
[2015.03.27-11.56.02:099][852]LogModuleManager: Shutting down and abandoning module DirectoryWatcher (93)
[2015.03.27-11.56.02:101][852]LogModuleManager: Shutting down and abandoning module HotReload (92)
[2015.03.27-11.56.02:102][852]LogModuleManager: Shutting down and abandoning module VisualStudioSourceCodeAccess (91)
[2015.03.27-11.56.02:102][852]LogModuleManager: Shutting down and abandoning module UObjectPlugin (90)
[2015.03.27-11.56.02:102][852]LogModuleManager: Shutting down and abandoning module SubversionSourceControl (89)
[2015.03.27-11.56.02:102][852]LogModuleManager: Shutting down and abandoning module PerforceSourceControl (88)
[2015.03.27-11.56.02:102][852]LogModuleManager: Shutting down and abandoning module SourceControl (87)
[2015.03.27-11.56.02:102][852]LogModuleManager: Shutting down and abandoning module GitSourceControl (86)
[2015.03.27-11.56.02:102][852]LogModuleManager: Shutting down and abandoning module BlankPlugin (85)
[2015.03.27-11.56.02:102][852]LogModuleManager: Shutting down and abandoning module PaperTiledImporter (84)
[2015.03.27-11.56.02:102][852]LogModuleManager: Shutting down and abandoning module PaperJsonImporter (83)
[2015.03.27-11.56.02:102][852]LogModuleManager: Shutting down and abandoning module ContentBrowser (82)
[2015.03.27-11.56.02:104][852]LogModuleManager: Shutting down and abandoning module Paper2DEditor (81)
[2015.03.27-11.56.02:104][852]LogModuleManager: Shutting down and abandoning module ScriptPlugin (80)
[2015.03.27-11.56.02:104][852]LogModuleManager: Shutting down and abandoning module UdpMessaging (79)
[2015.03.27-11.56.02:205][852]LogModuleManager: Shutting down and abandoning module Paper2D (78)
[2015.03.27-11.56.02:205][852]LogModuleManager: Shutting down and abandoning module WindowsMoviePlayer (77)
[2015.03.27-11.56.02:208][852]LogModuleManager: Shutting down and abandoning module Media (76)
[2015.03.27-11.56.02:208][852]LogModuleManager: Shutting down and abandoning module WmfMedia (75)
[2015.03.27-11.56.02:208][852]LogModuleManager: Shutting down and abandoning module OnlineBlueprintSupport (74)
[2015.03.27-11.56.02:208][852]LogModuleManager: Shutting down and abandoning module PropertyEditor (73)
[2015.03.27-11.56.02:208][852]LogModuleManager: Shutting down and abandoning module BehaviorTreeEditor (72)
[2015.03.27-11.56.02:208][852]LogModuleManager: Shutting down and abandoning module FunctionalTesting (71)
[2015.03.27-11.56.02:208][852]LogModuleManager: Shutting down and abandoning module CollisionAnalyzer (70)
[2015.03.27-11.56.02:209][852]LogModuleManager: Shutting down and abandoning module WorkspaceMenuStructure (69)
[2015.03.27-11.56.02:209][852]LogModuleManager: Shutting down and abandoning module MessageLog (68)
[2015.03.27-11.56.02:209][852]LogModuleManager: Shutting down and abandoning module Sequencer (67)
[2015.03.27-11.56.02:209][852]LogModuleManager: Shutting down and abandoning module AssetTools (66)
[2015.03.27-11.56.02:209][852]LogModuleManager: Shutting down and abandoning module UMGEditor (65)
[2015.03.27-11.56.02:209][852]LogModuleManager: Shutting down and abandoning module UMG (64)
[2015.03.27-11.56.02:210][852]LogModuleManager: Shutting down and abandoning module Slate (63)
[2015.03.27-11.56.02:210][852]LogModuleManager: Shutting down and abandoning module EditorStyle (62)
[2015.03.27-11.56.02:218][852]LogModuleManager: Shutting down and abandoning module SessionServices (61)
[2015.03.27-11.56.02:218][852]LogModuleManager: Shutting down and abandoning module SourceCodeAccess (60)
[2015.03.27-11.56.02:218][852]LogModuleManager: Shutting down and abandoning module HeadMountedDisplay (59)
[2015.03.27-11.56.02:218][852]LogModuleManager: Shutting down and abandoning module XAudio2 (58)
[2015.03.27-11.56.02:218][852]LogModuleManager: Shutting down and abandoning module Networking (56)
[2015.03.27-11.56.02:218][852]LogModuleManager: Shutting down and abandoning module Core (55)
[2015.03.27-11.56.02:218][852]LogModuleManager: Shutting down and abandoning module KismetCompiler (54)
[2015.03.27-11.56.02:218][852]LogModuleManager: Shutting down and abandoning module PhysXFormats (53)
[2015.03.27-11.56.02:218][852]LogModuleManager: Shutting down and abandoning module MeshUtilities (52)
[2015.03.27-11.56.02:218][852]LogModuleManager: Shutting down and abandoning module DerivedDataCache (51)
[2015.03.27-11.56.02:272][852]LogDerivedDataCache: Shutdown
[2015.03.27-11.56.02:272][852]LogModuleManager: Shutting down and abandoning module ShaderFormatOpenGL (50)
[2015.03.27-11.56.02:272][852]LogModuleManager: Shutting down and abandoning module ShaderFormatD3D (49)
[2015.03.27-11.56.02:272][852]LogModuleManager: Shutting down and abandoning module MetalShaderFormat (48)
[2015.03.27-11.56.02:272][852]LogModuleManager: Shutting down and abandoning module TextureFormatUncompressed (47)
[2015.03.27-11.56.02:272][852]LogModuleManager: Shutting down and abandoning module TextureFormatPVR (46)
[2015.03.27-11.56.02:272][852]LogModuleManager: Shutting down and abandoning module TextureFormatIntelISPCTexComp (45)
[2015.03.27-11.56.02:272][852]LogModuleManager: Shutting down and abandoning module TextureFormatDXT (44)
[2015.03.27-11.56.02:272][852]LogModuleManager: Shutting down and abandoning module ImageWrapper (43)
[2015.03.27-11.56.02:273][852]LogModuleManager: Shutting down and abandoning module TextureFormatASTC (42)
[2015.03.27-11.56.02:273][852]LogModuleManager: Shutting down and abandoning module TextureFormatAndroid (41)
[2015.03.27-11.56.02:273][852]LogModuleManager: Shutting down and abandoning module AudioFormatOpus (40)
[2015.03.27-11.56.02:273][852]LogModuleManager: Shutting down and abandoning module AudioFormatOgg (39)
[2015.03.27-11.56.02:273][852]LogModuleManager: Shutting down and abandoning module AudioFormatADPCM (38)
[2015.03.27-11.56.02:273][852]LogModuleManager: Shutting down and abandoning module LinuxTargetPlatform (37)
[2015.03.27-11.56.02:273][852]LogModuleManager: Shutting down and abandoning module LinuxServerTargetPlatform (36)
[2015.03.27-11.56.02:273][852]LogModuleManager: Shutting down and abandoning module LinuxNoEditorTargetPlatform (35)
[2015.03.27-11.56.02:273][852]LogModuleManager: Shutting down and abandoning module Messaging (34)
[2015.03.27-11.56.02:273][852]LogModuleManager: Shutting down and abandoning module IOSTargetPlatform (33)
[2015.03.27-11.56.02:273][852]LogModuleManager: Shutting down and abandoning module HTML5TargetPlatform (32)
[2015.03.27-11.56.02:273][852]LogModuleManager: Shutting down and abandoning module Android_PVRTCTargetPlatform (31)
[2015.03.27-11.56.02:273][852]LogModuleManager: Shutting down and abandoning module Android_ETC2TargetPlatform (30)
[2015.03.27-11.56.02:273][852]LogModuleManager: Shutting down and abandoning module Android_ETC1TargetPlatform (29)
[2015.03.27-11.56.02:273][852]LogModuleManager: Shutting down and abandoning module Android_ES31TargetPlatform (28)
[2015.03.27-11.56.02:273][852]LogModuleManager: Shutting down and abandoning module Android_DXTTargetPlatform (27)
[2015.03.27-11.56.02:274][852]LogModuleManager: Shutting down and abandoning module Android_ATCTargetPlatform (26)
[2015.03.27-11.56.02:274][852]LogModuleManager: Shutting down and abandoning module AndroidTargetPlatform (25)
[2015.03.27-11.56.02:274][852]LogModuleManager: Shutting down and abandoning module WindowsTargetPlatform (24)
[2015.03.27-11.56.02:274][852]LogModuleManager: Shutting down and abandoning module WindowsServerTargetPlatform (23)
[2015.03.27-11.56.02:274][852]LogModuleManager: Shutting down and abandoning module WindowsNoEditorTargetPlatform (22)
[2015.03.27-11.56.02:274][852]LogModuleManager: Shutting down and abandoning module WindowsClientTargetPlatform (21)
[2015.03.27-11.56.02:274][852]LogModuleManager: Shutting down and abandoning module TargetPlatform (20)
[2015.03.27-11.56.02:274][852]LogModuleManager: Shutting down and abandoning module InputCore (19)
[2015.03.27-11.56.02:274][852]LogModuleManager: Shutting down and abandoning module Settings (18)
[2015.03.27-11.56.02:274][852]LogModuleManager: Shutting down and abandoning module OnlineSubsystem (16)
[2015.03.27-11.56.02:274][852]LogModuleManager: Shutting down and abandoning module OculusRift (15)
[2015.03.27-11.56.02:275][852]LogModuleManager: Shutting down and abandoning module ExampleDeviceProfileSelector (14)
[2015.03.27-11.56.02:275][852]LogModuleManager: Shutting down and abandoning module TextureCompressor (13)
[2015.03.27-11.56.02:277][852]LogModuleManager: Shutting down and abandoning module ShaderCore (12)
[2015.03.27-11.56.02:277][852]LogModuleManager: Shutting down and abandoning module Landscape (11)
[2015.03.27-11.56.02:277][852]LogModuleManager: Shutting down and abandoning module SlateRHIRenderer (10)
[2015.03.27-11.56.02:300][852]LogModuleManager: Shutting down and abandoning module OpenGLDrv (9)
[2015.03.27-11.56.02:300][852]LogModuleManager: Shutting down and abandoning module D3D11RHI (8)
[2015.03.27-11.56.02:300][852]LogModuleManager: Shutting down and abandoning module Renderer (7)
[2015.03.27-11.56.02:300][852]LogModuleManager: Shutting down and abandoning module Engine (6)
[2015.03.27-11.56.02:300][852]LogModuleManager: Shutting down and abandoning module CoreUObject (5)
[2015.03.27-11.56.02:300][852]LogModuleManager: Shutting down and abandoning module NetworkFile (4)
[2015.03.27-11.56.02:301][852]LogModuleManager: Shutting down and abandoning module StreamingFile (3)
[2015.03.27-11.56.02:301][852]LogModuleManager: Shutting down and abandoning module SandboxFile (2)
[2015.03.27-11.56.02:301][852]LogModuleManager: Shutting down and abandoning module PakFile (1)
[2015.03.27-11.56.02:304][852]LogExit: Exiting.
[2015.03.27-11.56.02:384][852]Log file closed, 03/27/15 21:56:02
